[1212/151325.095:ERROR:process_info.cc(359)] UncheckedAllocate
[1218/131931.625:ERROR:process_info.cc(359)] UncheckedAllocate
[1218/131933.018:ERROR:process_memory_win.cc(73)] ReadMemory at 0x7ff78c710000 of 64 bytes failed: Only part of a ReadProcessMemory or WriteProcessMemory request was completed. (0x12B)
[1218/131933.018:WARNING:pe_image_reader.cc(340)] could not read dos header from C:\Program Files (x86)\Google\Chrome\Application\chrome.exe
[1218/131933.018:ERROR:process_memory_win.cc(73)] ReadMemory at 0x7ffb08dc0000 of 64 bytes failed: Only part of a ReadProcessMemory or WriteProcessMemory request was completed. (0x12B)
[1218/131933.019:WARNING:pe_image_reader.cc(340)] could not read dos header from C:\Windows\SYSTEM32\ntdll.dll
[1218/131933.019:ERROR:process_memory_win.cc(73)] ReadMemory at 0x7ffb086f0000 of 64 bytes failed: Only part of a ReadProcessMemory or WriteProcessMemory request was completed. (0x12B)
[1218/131933.019:WARNING:pe_image_reader.cc(340)] could not read dos header from C:\Windows\System32\KERNEL32.DLL
[1218/131933.019:ERROR:process_memory_win.cc(73)] ReadMemory at 0x7ffb060f0000 of 64 bytes failed: Only part of a ReadProcessMemory or WriteProcessMemory request was completed. (0x12B)
[1218/131933.019:WARNING:pe_image_reader.cc(340)] could not read dos header from C:\Windows\System32\KERNELBASE.dll
[1218/131933.019:ERROR:process_memory_win.cc(73)] ReadMemory at 0x7ffaed1b0000 of 64 bytes failed: Only part of a ReadProcessMemory or WriteProcessMemory request was completed. (0x12B)
[1218/131933.019:WARNING:pe_image_reader.cc(340)] could not read dos header from C:\Program Files (x86)\Google\Chrome\Application\79.0.3945.79\chrome_elf.dll
[1218/131933.019:ERROR:process_memory_win.cc(73)] ReadMemory at 0x7ffafe8a0000 of 64 bytes failed: Only part of a ReadProcessMemory or WriteProcessMemory request was completed. (0x12B)
[1218/131933.019:WARNING:pe_image_reader.cc(340)] could not read dos header from C:\Windows\SYSTEM32\VERSION.dll
[1218/131933.019:ERROR:process_memory_win.cc(73)] ReadMemory at 0x7ffb077b0000 of 64 bytes failed: Only part of a ReadProcessMemory or WriteProcessMemory request was completed. (0x12B)
[1218/131933.019:WARNING:pe_image_reader.cc(340)] could not read dos header from C:\Windows\System32\msvcrt.dll
[1218/131933.019:ERROR:process_memory_win.cc(73)] ReadMemory at 0x7ffb06df0000 of 64 bytes failed: Only part of a ReadProcessMemory or WriteProcessMemory request was completed. (0x12B)
[1218/131933.019:WARNING:pe_image_reader.cc(340)] could not read dos header from C:\Windows\System32\bcryptPrimitives.dll
[1218/131933.019:ERROR:process_memory_win.cc(73)] ReadMemory at 0x7ffb08830000 of 64 bytes failed: Only part of a ReadProcessMemory or WriteProcessMemory request was completed. (0x12B)
[1218/131933.019:WARNING:pe_image_reader.cc(340)] could not read dos header from C:\Windows\System32\ADVAPI32.dll
[1218/131933.019:ERROR:process_memory_win.cc(73)] ReadMemory at 0x7ffb07850000 of 64 bytes failed: Only part of a ReadProcessMemory or WriteProcessMemory request was completed. (0x12B)
[1218/131933.019:WARNING:pe_image_reader.cc(340)] could not read dos header from C:\Windows\System32\sechost.dll
[1218/131933.019:ERROR:process_memory_win.cc(73)] ReadMemory at 0x7ffb07ae0000 of 64 bytes failed: Only part of a ReadProcessMemory or WriteProcessMemory request was completed. (0x12B)
[1218/131933.019:WARNING:pe_image_reader.cc(340)] could not read dos header from C:\Windows\System32\RPCRT4.dll
[1218/131933.020:ERROR:process_memory_win.cc(73)] ReadMemory at 0x7ffab4ef0000 of 64 bytes failed: Only part of a ReadProcessMemory or WriteProcessMemory request was completed. (0x12B)
[1218/131933.020:WARNING:pe_image_reader.cc(340)] could not read dos header from C:\Program Files (x86)\Google\Chrome\Application\79.0.3945.79\chrome_child.dll
[1218/131933.020:ERROR:process_memory_win.cc(73)] ReadMemory at 0x7ffb08cb0000 of 64 bytes failed: Only part of a ReadProcessMemory or WriteProcessMemory request was completed. (0x12B)
[1218/131933.020:WARNING:pe_image_reader.cc(340)] could not read dos header from C:\Windows\System32\OLEAUT32.dll
[1218/131933.020:ERROR:process_memory_win.cc(73)] ReadMemory at 0x7ffb065d0000 of 64 bytes failed: Only part of a ReadProcessMemory or WriteProcessMemory request was completed. (0x12B)
[1218/131933.020:WARNING:pe_image_reader.cc(340)] could not read dos header from C:\Windows\System32\msvcp_win.dll
[1218/131933.020:ERROR:process_memory_win.cc(73)] ReadMemory at 0x7ffb063f0000 of 64 bytes failed: Only part of a ReadProcessMemory or WriteProcessMemory request was completed. (0x12B)
[1218/131933.020:WARNING:pe_image_reader.cc(340)] could not read dos header from C:\Windows\System32\ucrtbase.dll
[1218/131933.020:ERROR:process_memory_win.cc(73)] ReadMemory at 0x7ffb07e30000 of 64 bytes failed: Only part of a ReadProcessMemory or WriteProcessMemory request was completed. (0x12B)
[1218/131933.020:WARNING:pe_image_reader.cc(340)] could not read dos header from C:\Windows\System32\combase.dll
[1218/131933.020:ERROR:process_memory_win.cc(73)] ReadMemory at 0x7ffb07c00000 of 64 bytes failed: Only part of a ReadProcessMemory or WriteProcessMemory request was completed. (0x12B)
[1218/131933.020:WARNING:pe_image_reader.cc(340)] could not read dos header from C:\Windows\System32\WS2_32.dll
[1218/131933.020:ERROR:process_memory_win.cc(73)] ReadMemory at 0x7ffb05d50000 of 64 bytes failed: Only part of a ReadProcessMemory or WriteProcessMemory request was completed. (0x12B)
[1218/131933.020:WARNING:pe_image_reader.cc(340)] could not read dos header from C:\Windows\System32\WINTRUST.dll
[1218/131933.020:ERROR:process_memory_win.cc(73)] ReadMemory at 0x7ffb05d10000 of 64 bytes failed: Only part of a ReadProcessMemory or WriteProcessMemory request was completed. (0x12B)
[1218/131933.020:WARNING:pe_image_reader.cc(340)] could not read dos header from C:\Windows\System32\MSASN1.dll
[1218/131933.020:ERROR:process_memory_win.cc(73)] ReadMemory at 0x7ffb05fa0000 of 64 bytes failed: Only part of a ReadProcessMemory or WriteProcessMemory request was completed. (0x12B)
[1218/131933.020:WARNING:pe_image_reader.cc(340)] could not read dos header from C:\Windows\System32\CRYPT32.dll
[1218/131933.020:ERROR:process_memory_win.cc(73)] ReadMemory at 0x7ffb05210000 of 64 bytes failed: Only part of a ReadProcessMemory or WriteProcessMemory request was completed. (0x12B)
[1218/131933.020:WARNING:pe_image_reader.cc(340)] could not read dos header from C:\Windows\SYSTEM32\IPHLPAPI.DLL
[1218/131933.020:ERROR:process_memory_win.cc(73)] ReadMemory at 0x7ffb00f80000 of 64 bytes failed: Only part of a ReadProcessMemory or WriteProcessMemory request was completed. (0x12B)
[1218/131933.020:WARNING:pe_image_reader.cc(340)] could not read dos header from C:\Windows\SYSTEM32\WINMM.dll
[1218/131933.020:ERROR:process_memory_win.cc(73)] ReadMemory at 0x7ffb05bb0000 of 64 bytes failed: Only part of a ReadProcessMemory or WriteProcessMemory request was completed. (0x12B)
[1218/131933.020:WARNING:pe_image_reader.cc(340)] could not read dos header from C:\Windows\SYSTEM32\USERENV.dll
[1218/131933.020:ERROR:process_memory_win.cc(73)] ReadMemory at 0x7ffb05d30000 of 64 bytes failed: Only part of a ReadProcessMemory or WriteProcessMemory request was completed. (0x12B)
[1218/131933.020:WARNING:pe_image_reader.cc(340)] could not read dos header from C:\Windows\System32\profapi.dll
[1218/131933.020:ERROR:process_memory_win.cc(73)] ReadMemory at 0x7ffaf4dd0000 of 64 bytes failed: Only part of a ReadProcessMemory or WriteProcessMemory request was completed. (0x12B)
[1218/131933.021:WARNING:pe_image_reader.cc(340)] could not read dos header from C:\Windows\SYSTEM32\DWrite.dll
[1218/131933.021:ERROR:process_memory_win.cc(73)] ReadMemory at 0x7ffaf7b70000 of 64 bytes failed: Only part of a ReadProcessMemory or WriteProcessMemory request was completed. (0x12B)
[1218/131933.021:WARNING:pe_image_reader.cc(340)] could not read dos header from C:\Windows\SYSTEM32\WINSPOOL.DRV
[1218/131933.021:ERROR:process_memory_win.cc(73)] ReadMemory at 0x7ffb05ca0000 of 64 bytes failed: Only part of a ReadProcessMemory or WriteProcessMemory request was completed. (0x12B)
[1218/131933.021:WARNING:pe_image_reader.cc(340)] could not read dos header from C:\Windows\System32\kernel.appcore.dll
[1218/131933.021:ERROR:process_memory_win.cc(73)] ReadMemory at 0x7ffb065a0000 of 64 bytes failed: Only part of a ReadProcessMemory or WriteProcessMemory request was completed. (0x12B)
[1218/131933.021:WARNING:pe_image_reader.cc(340)] could not read dos header from C:\Windows\System32\bcrypt.dll
[1218/131933.021:ERROR:process_memory_win.cc(73)] ReadMemory at 0x7ffb03da0000 of 64 bytes failed: Only part of a ReadProcessMemory or WriteProcessMemory request was completed. (0x12B)
[1218/131933.021:WARNING:pe_image_reader.cc(340)] could not read dos header from C:\Windows\SYSTEM32\dbghelp.dll
[1218/131933.021:ERROR:process_memory_win.cc(73)] ReadMemory at 0x7ffaebde0000 of 64 bytes failed: Only part of a ReadProcessMemory or WriteProcessMemory request was completed. (0x12B)
[1218/131933.021:WARNING:pe_image_reader.cc(340)] could not read dos header from C:\Windows\SYSTEM32\Secur32.dll
[1218/131933.021:ERROR:process_memory_win.cc(73)] ReadMemory at 0x7ffaf7890000 of 64 bytes failed: Only part of a ReadProcessMemory or WriteProcessMemory request was completed. (0x12B)
[1218/131933.021:WARNING:pe_image_reader.cc(340)] could not read dos header from C:\Windows\SYSTEM32\WINHTTP.dll
[1218/131933.021:ERROR:process_memory_win.cc(73)] ReadMemory at 0x7ffaf8c00000 of 64 bytes failed: Only part of a ReadProcessMemory or WriteProcessMemory request was completed. (0x12B)
[1218/131933.021:WARNING:pe_image_reader.cc(340)] could not read dos header from C:\Windows\SYSTEM32\dhcpcsvc.DLL
[1218/131933.021:ERROR:process_memory_win.cc(73)] ReadMemory at 0x7ffb087c0000 of 64 bytes failed: Only part of a ReadProcessMemory or WriteProcessMemory request was completed. (0x12B)
[1218/131933.021:WARNING:pe_image_reader.cc(340)] could not read dos header from C:\Windows\System32\NSI.dll
[1218/131933.021:ERROR:process_memory_win.cc(73)] ReadMemory at 0x7ffb00f50000 of 64 bytes failed: Only part of a ReadProcessMemory or WriteProcessMemory request was completed. (0x12B)
[1218/131933.021:WARNING:pe_image_reader.cc(340)] could not read dos header from C:\Windows\SYSTEM32\WINMMBASE.dll
[1218/131933.021:ERROR:process_memory_win.cc(73)] ReadMemory at 0x7ffb063a0000 of 64 bytes failed: Only part of a ReadProcessMemory or WriteProcessMemory request was completed. (0x12B)
[1218/131933.021:WARNING:pe_image_reader.cc(340)] could not read dos header from C:\Windows\System32\cfgmgr32.dll
[1218/131933.021:ERROR:process_memory_win.cc(73)] ReadMemory at 0x7ffb039e0000 of 64 bytes failed: Only part of a ReadProcessMemory or WriteProcessMemory request was completed. (0x12B)
[1218/131933.021:WARNING:pe_image_reader.cc(340)] could not read dos header from C:\Windows\SYSTEM32\PROPSYS.dll
[1218/131933.021:ERROR:process_memory_win.cc(73)] ReadMemory at 0x7ffb081a0000 of 64 bytes failed: Only part of a ReadProcessMemory or WriteProcessMemory request was completed. (0x12B)
[1218/131933.021:WARNING:pe_image_reader.cc(340)] could not read dos header from C:\Windows\System32\shcore.dll
[1218/131933.021:ERROR:process_memory_win.cc(73)] ReadMemory at 0x7ffb05b80000 of 64 bytes failed: Only part of a ReadProcessMemory or WriteProcessMemory request was completed. (0x12B)
[1218/131933.021:WARNING:pe_image_reader.cc(340)] could not read dos header from C:\Windows\SYSTEM32\SSPICLI.DLL
[1218/131933.021:ERROR:process_memory_win.cc(73)] ReadMemory at 0x7ffb06ed0000 of 64 bytes failed: Only part of a ReadProcessMemory or WriteProcessMemory request was completed. (0x12B)
[1218/131933.021:WARNING:pe_image_reader.cc(340)] could not read dos header from C:\Windows\System32\SHELL32.dll
[1218/131933.021:ERROR:process_memory_win.cc(73)] ReadMemory at 0x7ffb06670000 of 64 bytes failed: Only part of a ReadProcessMemory or WriteProcessMemory request was completed. (0x12B)
[1218/131933.022:WARNING:pe_image_reader.cc(340)] could not read dos header from C:\Windows\System32\windows.storage.dll
[1218/131933.022:ERROR:process_memory_win.cc(73)] ReadMemory at 0x7ffb05cc0000 of 64 bytes failed: Only part of a ReadProcessMemory or WriteProcessMemory request was completed. (0x12B)
[1218/131933.022:WARNING:pe_image_reader.cc(340)] could not read dos header from C:\Windows\System32\powrprof.dll
[1218/131933.022:ERROR:process_memory_win.cc(73)] ReadMemory at 0x7ffb05c90000 of 64 bytes failed: Only part of a ReadProcessMemory or WriteProcessMemory request was completed. (0x12B)
[1218/131933.022:WARNING:pe_image_reader.cc(340)] could not read dos header from C:\Windows\System32\UMPDC.dll
[1218/131933.022:ERROR:process_memory_win.cc(73)] ReadMemory at 0x7ffb087d0000 of 64 bytes failed: Only part of a ReadProcessMemory or WriteProcessMemory request was completed. (0x12B)
[1218/131933.022:WARNING:pe_image_reader.cc(340)] could not read dos header from C:\Windows\System32\shlwapi.dll
[1218/131933.022:ERROR:process_memory_win.cc(73)] ReadMemory at 0x7ffb086c0000 of 64 bytes failed: Only part of a ReadProcessMemory or WriteProcessMemory request was completed. (0x12B)
[1218/131933.022:WARNING:pe_image_reader.cc(340)] could not read dos header from C:\Windows\System32\GDI32.dll
[1218/131933.022:ERROR:process_memory_win.cc(73)] ReadMemory at 0x7ffb05f50000 of 64 bytes failed: Only part of a ReadProcessMemory or WriteProcessMemory request was completed. (0x12B)
[1218/131933.022:WARNING:pe_image_reader.cc(340)] could not read dos header from C:\Windows\System32\win32u.dll
[1218/131933.022:ERROR:process_memory_win.cc(73)] ReadMemory at 0x7ffb05db0000 of 64 bytes failed: Only part of a ReadProcessMemory or WriteProcessMemory request was completed. (0x12B)
[1218/131933.022:WARNING:pe_image_reader.cc(340)] could not read dos header from C:\Windows\System32\gdi32full.dll
[1218/131933.022:ERROR:process_memory_win.cc(73)] ReadMemory at 0x7ffb08a40000 of 64 bytes failed: Only part of a ReadProcessMemory or WriteProcessMemory request was completed. (0x12B)
[1218/131933.022:WARNING:pe_image_reader.cc(340)] could not read dos header from C:\Windows\System32\USER32.dll
[1218/131933.022:ERROR:process_memory_win.cc(73)] ReadMemory at 0x7ffb05f80000 of 64 bytes failed: Only part of a ReadProcessMemory or WriteProcessMemory request was completed. (0x12B)
[1218/131933.023:WARNING:pe_image_reader.cc(340)] could not read dos header from C:\Windows\System32\cryptsp.dll
[1218/131933.023:ERROR:process_memory_win.cc(73)] ReadMemory at 0x7ffb08170000 of 64 bytes failed: Only part of a ReadProcessMemory or WriteProcessMemory request was completed. (0x12B)
[1218/131933.023:WARNING:pe_image_reader.cc(340)] could not read dos header from C:\Windows\System32\IMM32.DLL
[1218/131933.023:ERROR:process_memory_win.cc(73)] ReadMemory at 0x7ffb056d0000 of 64 bytes failed: Only part of a ReadProcessMemory or WriteProcessMemory request was completed. (0x12B)
[1218/131933.023:WARNING:pe_image_reader.cc(340)] could not read dos header from C:\Windows\SYSTEM32\CRYPTBASE.DLL
[1218/131933.023:ERROR:process_memory_win.cc(73)] ReadMemory at 0x7ff78c710000 of 64 bytes failed: Only part of a ReadProcessMemory or WriteProcessMemory request was completed. (0x12B)
[1218/131933.023:WARNING:pe_image_reader.cc(340)] could not read dos header from C:\Program Files (x86)\Google\Chrome\Application\chrome.exe
[1218/131933.023:ERROR:process_memory_win.cc(73)] ReadMemory at 0x7ffb08dc0000 of 64 bytes failed: Only part of a ReadProcessMemory or WriteProcessMemory request was completed. (0x12B)
[1218/131933.023:WARNING:pe_image_reader.cc(340)] could not read dos header from C:\Windows\SYSTEM32\ntdll.dll
[1218/131933.023:ERROR:process_memory_win.cc(73)] ReadMemory at 0x7ffb086f0000 of 64 bytes failed: Only part of a ReadProcessMemory or WriteProcessMemory request was completed. (0x12B)
[1218/131933.023:WARNING:pe_image_reader.cc(340)] could not read dos header from C:\Windows\System32\KERNEL32.DLL
[1218/131933.023:ERROR:process_memory_win.cc(73)] ReadMemory at 0x7ffb060f0000 of 64 bytes failed: Only part of a ReadProcessMemory or WriteProcessMemory request was completed. (0x12B)
[1218/131933.023:WARNING:pe_image_reader.cc(340)] could not read dos header from C:\Windows\System32\KERNELBASE.dll
[1218/131933.023:ERROR:process_memory_win.cc(73)] ReadMemory at 0x7ffaed1b0000 of 64 bytes failed: Only part of a ReadProcessMemory or WriteProcessMemory request was completed. (0x12B)
[1218/131933.023:WARNING:pe_image_reader.cc(340)] could not read dos header from C:\Program Files (x86)\Google\Chrome\Application\79.0.3945.79\chrome_elf.dll
[1218/131933.023:ERROR:process_memory_win.cc(73)] ReadMemory at 0x7ffafe8a0000 of 64 bytes failed: Only part of a ReadProcessMemory or WriteProcessMemory request was completed. (0x12B)
[1218/131933.023:WARNING:pe_image_reader.cc(340)] could not read dos header from C:\Windows\SYSTEM32\VERSION.dll
[1218/131933.023:ERROR:process_memory_win.cc(73)] ReadMemory at 0x7ffb077b0000 of 64 bytes failed: Only part of a ReadProcessMemory or WriteProcessMemory request was completed. (0x12B)
[1218/131933.023:WARNING:pe_image_reader.cc(340)] could not read dos header from C:\Windows\System32\msvcrt.dll
[1218/131933.023:ERROR:process_memory_win.cc(73)] ReadMemory at 0x7ffb06df0000 of 64 bytes failed: Only part of a ReadProcessMemory or WriteProcessMemory request was completed. (0x12B)
[1218/131933.023:WARNING:pe_image_reader.cc(340)] could not read dos header from C:\Windows\System32\bcryptPrimitives.dll
[1218/131933.023:ERROR:process_memory_win.cc(73)] ReadMemory at 0x7ffb08830000 of 64 bytes failed: Only part of a ReadProcessMemory or WriteProcessMemory request was completed. (0x12B)
[1218/131933.023:WARNING:pe_image_reader.cc(340)] could not read dos header from C:\Windows\System32\ADVAPI32.dll
[1218/131933.023:ERROR:process_memory_win.cc(73)] ReadMemory at 0x7ffb07850000 of 64 bytes failed: Only part of a ReadProcessMemory or WriteProcessMemory request was completed. (0x12B)
[1218/131933.023:WARNING:pe_image_reader.cc(340)] could not read dos header from C:\Windows\System32\sechost.dll
[1218/131933.023:ERROR:process_memory_win.cc(73)] ReadMemory at 0x7ffb07ae0000 of 64 bytes failed: Only part of a ReadProcessMemory or WriteProcessMemory request was completed. (0x12B)
[1218/131933.023:WARNING:pe_image_reader.cc(340)] could not read dos header from C:\Windows\System32\RPCRT4.dll
[1218/131933.023:ERROR:process_memory_win.cc(73)] ReadMemory at 0x7ffab4ef0000 of 64 bytes failed: Only part of a ReadProcessMemory or WriteProcessMemory request was completed. (0x12B)
[1218/131933.023:WARNING:pe_image_reader.cc(340)] could not read dos header from C:\Program Files (x86)\Google\Chrome\Application\79.0.3945.79\chrome_child.dll
[1218/131933.023:ERROR:process_memory_win.cc(73)] ReadMemory at 0x7ffb08cb0000 of 64 bytes failed: Only part of a ReadProcessMemory or WriteProcessMemory request was completed. (0x12B)
[1218/131933.023:WARNING:pe_image_reader.cc(340)] could not read dos header from C:\Windows\System32\OLEAUT32.dll
[1218/131933.023:ERROR:process_memory_win.cc(73)] ReadMemory at 0x7ffb065d0000 of 64 bytes failed: Only part of a ReadProcessMemory or WriteProcessMemory request was completed. (0x12B)
[1218/131933.023:WARNING:pe_image_reader.cc(340)] could not read dos header from C:\Windows\System32\msvcp_win.dll
[1218/131933.023:ERROR:process_memory_win.cc(73)] ReadMemory at 0x7ffb063f0000 of 64 bytes failed: Only part of a ReadProcessMemory or WriteProcessMemory request was completed. (0x12B)
[1218/131933.023:WARNING:pe_image_reader.cc(340)] could not read dos header from C:\Windows\System32\ucrtbase.dll
[1218/131933.023:ERROR:process_memory_win.cc(73)] ReadMemory at 0x7ffb07e30000 of 64 bytes failed: Only part of a ReadProcessMemory or WriteProcessMemory request was completed. (0x12B)
[1218/131933.023:WARNING:pe_image_reader.cc(340)] could not read dos header from C:\Windows\System32\combase.dll
[1218/131933.023:ERROR:process_memory_win.cc(73)] ReadMemory at 0x7ffb07c00000 of 64 bytes failed: Only part of a ReadProcessMemory or WriteProcessMemory request was completed. (0x12B)
[1218/131933.023:WARNING:pe_image_reader.cc(340)] could not read dos header from C:\Windows\System32\WS2_32.dll
[1218/131933.023:ERROR:process_memory_win.cc(73)] ReadMemory at 0x7ffb05d50000 of 64 bytes failed: Only part of a ReadProcessMemory or WriteProcessMemory request was completed. (0x12B)
[1218/131933.023:WARNING:pe_image_reader.cc(340)] could not read dos header from C:\Windows\System32\WINTRUST.dll
[1218/131933.023:ERROR:process_memory_win.cc(73)] ReadMemory at 0x7ffb05d10000 of 64 bytes failed: Only part of a ReadProcessMemory or WriteProcessMemory request was completed. (0x12B)
[1218/131933.023:WARNING:pe_image_reader.cc(340)] could not read dos header from C:\Windows\System32\MSASN1.dll
[1218/131933.023:ERROR:process_memory_win.cc(73)] ReadMemory at 0x7ffb05fa0000 of 64 bytes failed: Only part of a ReadProcessMemory or WriteProcessMemory request was completed. (0x12B)
[1218/131933.024:WARNING:pe_image_reader.cc(340)] could not read dos header from C:\Windows\System32\CRYPT32.dll
[1218/131933.024:ERROR:process_memory_win.cc(73)] ReadMemory at 0x7ffb05210000 of 64 bytes failed: Only part of a ReadProcessMemory or WriteProcessMemory request was completed. (0x12B)
[1218/131933.024:WARNING:pe_image_reader.cc(340)] could not read dos header from C:\Windows\SYSTEM32\IPHLPAPI.DLL
[1218/131933.024:ERROR:process_memory_win.cc(73)] ReadMemory at 0x7ffb00f80000 of 64 bytes failed: Only part of a ReadProcessMemory or WriteProcessMemory request was completed. (0x12B)
[1218/131933.024:WARNING:pe_image_reader.cc(340)] could not read dos header from C:\Windows\SYSTEM32\WINMM.dll
[1218/131933.024:ERROR:process_memory_win.cc(73)] ReadMemory at 0x7ffb05bb0000 of 64 bytes failed: Only part of a ReadProcessMemory or WriteProcessMemory request was completed. (0x12B)
[1218/131933.024:WARNING:pe_image_reader.cc(340)] could not read dos header from C:\Windows\SYSTEM32\USERENV.dll
[1218/131933.024:ERROR:process_memory_win.cc(73)] ReadMemory at 0x7ffb05d30000 of 64 bytes failed: Only part of a ReadProcessMemory or WriteProcessMemory request was completed. (0x12B)
[1218/131933.024:WARNING:pe_image_reader.cc(340)] could not read dos header from C:\Windows\System32\profapi.dll
[1218/131933.024:ERROR:process_memory_win.cc(73)] ReadMemory at 0x7ffaf4dd0000 of 64 bytes failed: Only part of a ReadProcessMemory or WriteProcessMemory request was completed. (0x12B)
[1218/131933.024:WARNING:pe_image_reader.cc(340)] could not read dos header from C:\Windows\SYSTEM32\DWrite.dll
[1218/131933.024:ERROR:process_memory_win.cc(73)] ReadMemory at 0x7ffaf7b70000 of 64 bytes failed: Only part of a ReadProcessMemory or WriteProcessMemory request was completed. (0x12B)
[1218/131933.024:WARNING:pe_image_reader.cc(340)] could not read dos header from C:\Windows\SYSTEM32\WINSPOOL.DRV
[1218/131933.024:ERROR:process_memory_win.cc(73)] ReadMemory at 0x7ffb05ca0000 of 64 bytes failed: Only part of a ReadProcessMemory or WriteProcessMemory request was completed. (0x12B)
[1218/131933.024:WARNING:pe_image_reader.cc(340)] could not read dos header from C:\Windows\System32\kernel.appcore.dll
[1218/131933.024:ERROR:process_memory_win.cc(73)] ReadMemory at 0x7ffb065a0000 of 64 bytes failed: Only part of a ReadProcessMemory or WriteProcessMemory request was completed. (0x12B)
[1218/131933.024:WARNING:pe_image_reader.cc(340)] could not read dos header from C:\Windows\System32\bcrypt.dll
[1218/131933.024:ERROR:process_memory_win.cc(73)] ReadMemory at 0x7ffb03da0000 of 64 bytes failed: Only part of a ReadProcessMemory or WriteProcessMemory request was completed. (0x12B)
[1218/131933.024:WARNING:pe_image_reader.cc(340)] could not read dos header from C:\Windows\SYSTEM32\dbghelp.dll
[1218/131933.024:ERROR:process_memory_win.cc(73)] ReadMemory at 0x7ffaebde0000 of 64 bytes failed: Only part of a ReadProcessMemory or WriteProcessMemory request was completed. (0x12B)
[1218/131933.024:WARNING:pe_image_reader.cc(340)] could not read dos header from C:\Windows\SYSTEM32\Secur32.dll
[1218/131933.024:ERROR:process_memory_win.cc(73)] ReadMemory at 0x7ffaf7890000 of 64 bytes failed: Only part of a ReadProcessMemory or WriteProcessMemory request was completed. (0x12B)
[1218/131933.024:WARNING:pe_image_reader.cc(340)] could not read dos header from C:\Windows\SYSTEM32\WINHTTP.dll
[1218/131933.024:ERROR:process_memory_win.cc(73)] ReadMemory at 0x7ffaf8c00000 of 64 bytes failed: Only part of a ReadProcessMemory or WriteProcessMemory request was completed. (0x12B)
[1218/131933.024:WARNING:pe_image_reader.cc(340)] could not read dos header from C:\Windows\SYSTEM32\dhcpcsvc.DLL
[1218/131933.024:ERROR:process_memory_win.cc(73)] ReadMemory at 0x7ffb087c0000 of 64 bytes failed: Only part of a ReadProcessMemory or WriteProcessMemory request was completed. (0x12B)
[1218/131933.024:WARNING:pe_image_reader.cc(340)] could not read dos header from C:\Windows\System32\NSI.dll
[1218/131933.024:ERROR:process_memory_win.cc(73)] ReadMemory at 0x7ffb00f50000 of 64 bytes failed: Only part of a ReadProcessMemory or WriteProcessMemory request was completed. (0x12B)
[1218/131933.024:WARNING:pe_image_reader.cc(340)] could not read dos header from C:\Windows\SYSTEM32\WINMMBASE.dll
[1218/131933.024:ERROR:process_memory_win.cc(73)] ReadMemory at 0x7ffb063a0000 of 64 bytes failed: Only part of a ReadProcessMemory or WriteProcessMemory request was completed. (0x12B)
[1218/131933.024:WARNING:pe_image_reader.cc(340)] could not read dos header from C:\Windows\System32\cfgmgr32.dll
[1218/131933.024:ERROR:process_memory_win.cc(73)] ReadMemory at 0x7ffb039e0000 of 64 bytes failed: Only part of a ReadProcessMemory or WriteProcessMemory request was completed. (0x12B)
[1218/131933.025:WARNING:pe_image_reader.cc(340)] could not read dos header from C:\Windows\SYSTEM32\PROPSYS.dll
[1218/131933.025:ERROR:process_memory_win.cc(73)] ReadMemory at 0x7ffb081a0000 of 64 bytes failed: Only part of a ReadProcessMemory or WriteProcessMemory request was completed. (0x12B)
[1218/131933.025:WARNING:pe_image_reader.cc(340)] could not read dos header from C:\Windows\System32\shcore.dll
[1218/131933.025:ERROR:process_memory_win.cc(73)] ReadMemory at 0x7ffb05b80000 of 64 bytes failed: Only part of a ReadProcessMemory or WriteProcessMemory request was completed. (0x12B)
[1218/131933.025:WARNING:pe_image_reader.cc(340)] could not read dos header from C:\Windows\SYSTEM32\SSPICLI.DLL
[1218/131933.025:ERROR:process_memory_win.cc(73)] ReadMemory at 0x7ffb06ed0000 of 64 bytes failed: Only part of a ReadProcessMemory or WriteProcessMemory request was completed. (0x12B)
[1218/131933.025:WARNING:pe_image_reader.cc(340)] could not read dos header from C:\Windows\System32\SHELL32.dll
[1218/131933.025:ERROR:process_memory_win.cc(73)] ReadMemory at 0x7ffb06670000 of 64 bytes failed: Only part of a ReadProcessMemory or WriteProcessMemory request was completed. (0x12B)
[1218/131933.025:WARNING:pe_image_reader.cc(340)] could not read dos header from C:\Windows\System32\windows.storage.dll
[1218/131933.025:ERROR:process_memory_win.cc(73)] ReadMemory at 0x7ffb05cc0000 of 64 bytes failed: Only part of a ReadProcessMemory or WriteProcessMemory request was completed. (0x12B)
[1218/131933.025:WARNING:pe_image_reader.cc(340)] could not read dos header from C:\Windows\System32\powrprof.dll
[1218/131933.025:ERROR:process_memory_win.cc(73)] ReadMemory at 0x7ffb05c90000 of 64 bytes failed: Only part of a ReadProcessMemory or WriteProcessMemory request was completed. (0x12B)
[1218/131933.025:WARNING:pe_image_reader.cc(340)] could not read dos header from C:\Windows\System32\UMPDC.dll
[1218/131933.025:ERROR:process_memory_win.cc(73)] ReadMemory at 0x7ffb087d0000 of 64 bytes failed: Only part of a ReadProcessMemory or WriteProcessMemory request was completed. (0x12B)
[1218/131933.025:WARNING:pe_image_reader.cc(340)] could not read dos header from C:\Windows\System32\shlwapi.dll
[1218/131933.025:ERROR:process_memory_win.cc(73)] ReadMemory at 0x7ffb086c0000 of 64 bytes failed: Only part of a ReadProcessMemory or WriteProcessMemory request was completed. (0x12B)
[1218/131933.025:WARNING:pe_image_reader.cc(340)] could not read dos header from C:\Windows\System32\GDI32.dll
[1218/131933.025:ERROR:process_memory_win.cc(73)] ReadMemory at 0x7ffb05f50000 of 64 bytes failed: Only part of a ReadProcessMemory or WriteProcessMemory request was completed. (0x12B)
[1218/131933.025:WARNING:pe_image_reader.cc(340)] could not read dos header from C:\Windows\System32\win32u.dll
[1218/131933.025:ERROR:process_memory_win.cc(73)] ReadMemory at 0x7ffb05db0000 of 64 bytes failed: Only part of a ReadProcessMemory or WriteProcessMemory request was completed. (0x12B)
[1218/131933.025:WARNING:pe_image_reader.cc(340)] could not read dos header from C:\Windows\System32\gdi32full.dll
[1218/131933.025:ERROR:process_memory_win.cc(73)] ReadMemory at 0x7ffb08a40000 of 64 bytes failed: Only part of a ReadProcessMemory or WriteProcessMemory request was completed. (0x12B)
[1218/131933.025:WARNING:pe_image_reader.cc(340)] could not read dos header from C:\Windows\System32\USER32.dll
[1218/131933.025:ERROR:process_memory_win.cc(73)] ReadMemory at 0x7ffb05f80000 of 64 bytes failed: Only part of a ReadProcessMemory or WriteProcessMemory request was completed. (0x12B)
[1218/131933.025:WARNING:pe_image_reader.cc(340)] could not read dos header from C:\Windows\System32\cryptsp.dll
[1218/131933.025:ERROR:process_memory_win.cc(73)] ReadMemory at 0x7ffb08170000 of 64 bytes failed: Only part of a ReadProcessMemory or WriteProcessMemory request was completed. (0x12B)
[1218/131933.025:WARNING:pe_image_reader.cc(340)] could not read dos header from C:\Windows\System32\IMM32.DLL
[1218/131933.025:ERROR:process_memory_win.cc(73)] ReadMemory at 0x7ffb056d0000 of 64 bytes failed: Only part of a ReadProcessMemory or WriteProcessMemory request was completed. (0x12B)
[1218/131933.025:WARNING:pe_image_reader.cc(340)] could not read dos header from C:\Windows\SYSTEM32\CRYPTBASE.DLL
[1218/131933.043:ERROR:process_memory_win.cc(73)] ReadMemory at 0xe0b6ff9000 of 28672 bytes failed: Only part of a ReadProcessMemory or WriteProcessMemory request was completed. (0x12B)
[1218/131933.043:ERROR:process_memory_win.cc(73)] ReadMemory at 0xe0b77fd000 of 12288 bytes failed: Only part of a ReadProcessMemory or WriteProcessMemory request was completed. (0x12B)
[1218/131933.043:ERROR:process_memory_win.cc(73)] ReadMemory at 0xe0b7ffd000 of 12288 bytes failed: Only part of a ReadProcessMemory or WriteProcessMemory request was completed. (0x12B)
[1218/131933.043:ERROR:process_memory_win.cc(73)] ReadMemory at 0xe0b87fc000 of 16384 bytes failed: Only part of a ReadProcessMemory or WriteProcessMemory request was completed. (0x12B)
[1218/131933.043:ERROR:process_memory_win.cc(73)] ReadMemory at 0xe0b8ffc000 of 16384 bytes failed: Only part of a ReadProcessMemory or WriteProcessMemory request was completed. (0x12B)
[1218/131933.043:ERROR:process_memory_win.cc(73)] ReadMemory at 0xe0b97fe000 of 8192 bytes failed: Only part of a ReadProcessMemory or WriteProcessMemory request was completed. (0x12B)
[1218/131933.043:ERROR:process_memory_win.cc(73)] ReadMemory at 0xe0b9ffd000 of 12288 bytes failed: Only part of a ReadProcessMemory or WriteProcessMemory request was completed. (0x12B)
[1218/131933.043:ERROR:process_memory_win.cc(73)] ReadMemory at 0xe0ba7fc000 of 16384 bytes failed: Only part of a ReadProcessMemory or WriteProcessMemory request was completed. (0x12B)
[1218/131933.043:ERROR:process_memory_win.cc(73)] ReadMemory at 0xe0baffd000 of 12288 bytes failed: Only part of a ReadProcessMemory or WriteProcessMemory request was completed. (0x12B)
[1218/131933.043:ERROR:process_memory_win.cc(73)] ReadMemory at 0xe0bb7fd000 of 12288 bytes failed: Only part of a ReadProcessMemory or WriteProcessMemory request was completed. (0x12B)
[1218/131933.043:ERROR:process_memory_win.cc(73)] ReadMemory at 0xe0bbffd000 of 12288 bytes failed: Only part of a ReadProcessMemory or WriteProcessMemory request was completed. (0x12B)
[1218/131933.044:ERROR:process_memory_win.cc(73)] ReadMemory at 0xe0bc7fd000 of 12288 bytes failed: Only part of a ReadProcessMemory or WriteProcessMemory request was completed. (0x12B)
[1218/131933.044:ERROR:process_memory_win.cc(73)] ReadMemory at 0xe0bcffd000 of 12288 bytes failed: Only part of a ReadProcessMemory or WriteProcessMemory request was completed. (0x12B)
[1218/131933.044:ERROR:process_memory_win.cc(73)] ReadMemory at 0xe0bd7fd000 of 12288 bytes failed: Only part of a ReadProcessMemory or WriteProcessMemory request was completed. (0x12B)
[1218/131933.044:ERROR:process_memory_win.cc(73)] ReadMemory at 0xe0bdffd000 of 12288 bytes failed: Only part of a ReadProcessMemory or WriteProcessMemory request was completed. (0x12B)
[1218/131933.044:ERROR:process_memory_win.cc(73)] ReadMemory at 0xe0be7fd000 of 12288 bytes failed: Only part of a ReadProcessMemory or WriteProcessMemory request was completed. (0x12B)
[1218/131933.045:ERROR:process_memory_win.cc(73)] ReadMemory at 0xe0b6793000 of 852 bytes failed: Only part of a ReadProcessMemory or WriteProcessMemory request was completed. (0x12B)
[1218/131933.045:ERROR:process_memory_win.cc(73)] ReadMemory at 0xe0b6794000 of 6024 bytes failed: Only part of a ReadProcessMemory or WriteProcessMemory request was completed. (0x12B)
[1218/131933.045:ERROR:process_memory_win.cc(73)] ReadMemory at 0xe0b6796000 of 6024 bytes failed: Only part of a ReadProcessMemory or WriteProcessMemory request was completed. (0x12B)
[1218/131933.045:ERROR:process_memory_win.cc(73)] ReadMemory at 0xe0b6798000 of 6024 bytes failed: Only part of a ReadProcessMemory or WriteProcessMemory request was completed. (0x12B)
[1218/131933.045:ERROR:process_memory_win.cc(73)] ReadMemory at 0xe0b679a000 of 6024 bytes failed: Only part of a ReadProcessMemory or WriteProcessMemory request was completed. (0x12B)
[1218/131933.045:ERROR:process_memory_win.cc(73)] ReadMemory at 0xe0b679c000 of 6024 bytes failed: Only part of a ReadProcessMemory or WriteProcessMemory request was completed. (0x12B)
[1218/131933.045:ERROR:process_memory_win.cc(73)] ReadMemory at 0xe0b679e000 of 6024 bytes failed: Only part of a ReadProcessMemory or WriteProcessMemory request was completed. (0x12B)
[1218/131933.045:ERROR:process_memory_win.cc(73)] ReadMemory at 0xe0b67a0000 of 6024 bytes failed: Only part of a ReadProcessMemory or WriteProcessMemory request was completed. (0x12B)
[1218/131933.045:ERROR:process_memory_win.cc(73)] ReadMemory at 0xe0b67a2000 of 6024 bytes failed: Only part of a ReadProcessMemory or WriteProcessMemory request was completed. (0x12B)
[1218/131933.045:ERROR:process_memory_win.cc(73)] ReadMemory at 0xe0b67a4000 of 6024 bytes failed: Only part of a ReadProcessMemory or WriteProcessMemory request was completed. (0x12B)
[1218/131933.045:ERROR:process_memory_win.cc(73)] ReadMemory at 0xe0b67a6000 of 6024 bytes failed: Only part of a ReadProcessMemory or WriteProcessMemory request was completed. (0x12B)
[1218/131933.045:ERROR:process_memory_win.cc(73)] ReadMemory at 0xe0b67a8000 of 6024 bytes failed: Only part of a ReadProcessMemory or WriteProcessMemory request was completed. (0x12B)
[1218/131933.046:ERROR:process_memory_win.cc(73)] ReadMemory at 0xe0b67aa000 of 6024 bytes failed: Only part of a ReadProcessMemory or WriteProcessMemory request was completed. (0x12B)
[1218/131933.046:ERROR:process_memory_win.cc(73)] ReadMemory at 0xe0b67ac000 of 6024 bytes failed: Only part of a ReadProcessMemory or WriteProcessMemory request was completed. (0x12B)
[1218/131933.046:ERROR:process_memory_win.cc(73)] ReadMemory at 0xe0b67ae000 of 6024 bytes failed: Only part of a ReadProcessMemory or WriteProcessMemory request was completed. (0x12B)
[1218/131933.046:ERROR:process_memory_win.cc(73)] ReadMemory at 0xe0b67b0000 of 6024 bytes failed: Only part of a ReadProcessMemory or WriteProcessMemory request was completed. (0x12B)
[1218/131933.046:ERROR:process_memory_win.cc(73)] ReadMemory at 0xe0b67b2000 of 6024 bytes failed: Only part of a ReadProcessMemory or WriteProcessMemory request was completed. (0x12B)
[1218/131933.046:ERROR:process_memory_win.cc(73)] ReadMemory at 0x21d0e7a0fe0 of 3810 bytes failed: Only part of a ReadProcessMemory or WriteProcessMemory request was completed. (0x12B)
[1218/131933.046:ERROR:process_memory_win.cc(73)] ReadMemory at 0x21d0e7a1ed0 of 1012 bytes failed: Only part of a ReadProcessMemory or WriteProcessMemory request was completed. (0x12B)
[1218/131933.046:ERROR:process_memory_win.cc(73)] ReadMemory at 0x21d0e7a2518 of 118 bytes failed: Only part of a ReadProcessMemory or WriteProcessMemory request was completed. (0x12B)
[1218/131933.046:ERROR:process_memory_win.cc(73)] ReadMemory at 0x21d0e7a2590 of 1404 bytes failed: Only part of a ReadProcessMemory or WriteProcessMemory request was completed. (0x12B)
[1218/131933.046:ERROR:process_memory_win.cc(73)] ReadMemory at 0x21d0e7a2b0e of 118 bytes failed: Only part of a ReadProcessMemory or WriteProcessMemory request was completed. (0x12B)
[1218/131933.046:ERROR:process_memory_win.cc(73)] ReadMemory at 0x21d0e7a2b86 of 98 bytes failed: Only part of a ReadProcessMemory or WriteProcessMemory request was completed. (0x12B)
[1218/131933.046:ERROR:process_memory_win.cc(73)] ReadMemory at 0x21d0e7a2c00 of 58 bytes failed: Only part of a ReadProcessMemory or WriteProcessMemory request was completed. (0x12B)
[1218/131933.046:ERROR:process_memory_win.cc(73)] ReadMemory at 0x21d0e7a2d00 of 132 bytes failed: Only part of a ReadProcessMemory or WriteProcessMemory request was completed. (0x12B)
[1218/131933.046:ERROR:process_memory_win.cc(73)] ReadMemory at 0x21d0e7a2e90 of 132 bytes failed: Only part of a ReadProcessMemory or WriteProcessMemory request was completed. (0x12B)
[1218/131933.046:ERROR:process_memory_win.cc(73)] ReadMemory at 0x21d0e7a3060 of 124 bytes failed: Only part of a ReadProcessMemory or WriteProcessMemory request was completed. (0x12B)
[1218/131933.046:ERROR:process_memory_win.cc(73)] ReadMemory at 0x21d0e7a3440 of 132 bytes failed: Only part of a ReadProcessMemory or WriteProcessMemory request was completed. (0x12B)
[1218/131933.047:ERROR:process_memory_win.cc(73)] ReadMemory at 0x21d0e7a35d0 of 64 bytes failed: Only part of a ReadProcessMemory or WriteProcessMemory request was completed. (0x12B)
[1218/131933.047:ERROR:process_memory_win.cc(73)] ReadMemory at 0x21d0e7a3700 of 132 bytes failed: Only part of a ReadProcessMemory or WriteProcessMemory request was completed. (0x12B)
[1218/131933.047:ERROR:process_memory_win.cc(73)] ReadMemory at 0x21d0e7a3a30 of 132 bytes failed: Only part of a ReadProcessMemory or WriteProcessMemory request was completed. (0x12B)
[1218/131933.047:ERROR:process_memory_win.cc(73)] ReadMemory at 0x21d0e7a3bc0 of 68 bytes failed: Only part of a ReadProcessMemory or WriteProcessMemory request was completed. (0x12B)
[1218/131933.047:ERROR:process_memory_win.cc(73)] ReadMemory at 0x21d0e7a4cf0 of 132 bytes failed: Only part of a ReadProcessMemory or WriteProcessMemory request was completed. (0x12B)
[1218/131933.047:ERROR:process_memory_win.cc(73)] ReadMemory at 0x21d0e7a4e60 of 132 bytes failed: Only part of a ReadProcessMemory or WriteProcessMemory request was completed. (0x12B)
[1218/131933.047:ERROR:process_memory_win.cc(73)] ReadMemory at 0x21d0e7a4fd0 of 152 bytes failed: Only part of a ReadProcessMemory or WriteProcessMemory request was completed. (0x12B)
[1218/131933.047:ERROR:process_memory_win.cc(73)] ReadMemory at 0x21d0e7a5d50 of 62 bytes failed: Only part of a ReadProcessMemory or WriteProcessMemory request was completed. (0x12B)
[1218/131933.047:ERROR:process_memory_win.cc(73)] ReadMemory at 0x21d0e7a6230 of 156 bytes failed: Only part of a ReadProcessMemory or WriteProcessMemory request was completed. (0x12B)
[1218/131933.047:ERROR:process_memory_win.cc(73)] ReadMemory at 0x21d0e7a6310 of 132 bytes failed: Only part of a ReadProcessMemory or WriteProcessMemory request was completed. (0x12B)
[1218/131933.047:ERROR:process_memory_win.cc(73)] ReadMemory at 0x21d0e7a6440 of 60 bytes failed: Only part of a ReadProcessMemory or WriteProcessMemory request was completed. (0x12B)
[1218/131933.047:ERROR:process_memory_win.cc(73)] ReadMemory at 0x21d0e7a8ee0 of 132 bytes failed: Only part of a ReadProcessMemory or WriteProcessMemory request was completed. (0x12B)
[1218/131933.047:ERROR:process_memory_win.cc(73)] ReadMemory at 0x21d0e7a9d00 of 132 bytes failed: Only part of a ReadProcessMemory or WriteProcessMemory request was completed. (0x12B)
[1218/131933.047:ERROR:process_memory_win.cc(73)] ReadMemory at 0x21d0e7a9f10 of 132 bytes failed: Only part of a ReadProcessMemory or WriteProcessMemory request was completed. (0x12B)
[1218/131933.047:ERROR:process_memory_win.cc(73)] ReadMemory at 0x21d0e7aa2c0 of 132 bytes failed: Only part of a ReadProcessMemory or WriteProcessMemory request was completed. (0x12B)
[1218/131933.047:ERROR:process_memory_win.cc(73)] ReadMemory at 0x21d0e7aa740 of 80 bytes failed: Only part of a ReadProcessMemory or WriteProcessMemory request was completed. (0x12B)
[1218/131933.047:ERROR:process_memory_win.cc(73)] ReadMemory at 0x21d0e7aae60 of 64 bytes failed: Only part of a ReadProcessMemory or WriteProcessMemory request was completed. (0x12B)
[1218/131933.047:ERROR:process_memory_win.cc(73)] ReadMemory at 0x21d0e7aaeb0 of 62 bytes failed: Only part of a ReadProcessMemory or WriteProcessMemory request was completed. (0x12B)
[1218/131933.047:ERROR:process_memory_win.cc(73)] ReadMemory at 0x21d0e7aaf50 of 64 bytes failed: Only part of a ReadProcessMemory or WriteProcessMemory request was completed. (0x12B)
[1218/131933.047:ERROR:process_memory_win.cc(73)] ReadMemory at 0x21d0e7aafa0 of 62 bytes failed: Only part of a ReadProcessMemory or WriteProcessMemory request was completed. (0x12B)
[1218/131933.047:ERROR:process_memory_win.cc(73)] ReadMemory at 0x21d0e7aaff0 of 60 bytes failed: Only part of a ReadProcessMemory or WriteProcessMemory request was completed. (0x12B)
[1218/131933.047:ERROR:process_memory_win.cc(73)] ReadMemory at 0x21d0e7ab360 of 66 bytes failed: Only part of a ReadProcessMemory or WriteProcessMemory request was completed. (0x12B)
[1218/131933.047:ERROR:process_memory_win.cc(73)] ReadMemory at 0x21d0e7ab400 of 64 bytes failed: Only part of a ReadProcessMemory or WriteProcessMemory request was completed. (0x12B)
[1218/131933.047:ERROR:process_memory_win.cc(73)] ReadMemory at 0x21d0e7ab450 of 64 bytes failed: Only part of a ReadProcessMemory or WriteProcessMemory request was completed. (0x12B)
[1218/131933.047:ERROR:process_memory_win.cc(73)] ReadMemory at 0x21d0e7ab4a0 of 60 bytes failed: Only part of a ReadProcessMemory or WriteProcessMemory request was completed. (0x12B)
[1218/131933.047:ERROR:process_memory_win.cc(73)] ReadMemory at 0x21d0e7ab580 of 132 bytes failed: Only part of a ReadProcessMemory or WriteProcessMemory request was completed. (0x12B)
[1218/131933.048:ERROR:process_memory_win.cc(73)] ReadMemory at 0x21d0e7ab6b0 of 132 bytes failed: Only part of a ReadProcessMemory or WriteProcessMemory request was completed. (0x12B)
[1218/131933.048:ERROR:process_memory_win.cc(73)] ReadMemory at 0x21d0e7ab7e0 of 132 bytes failed: Only part of a ReadProcessMemory or WriteProcessMemory request was completed. (0x12B)
[1218/131933.048:ERROR:process_memory_win.cc(73)] ReadMemory at 0x21d0e7ab910 of 132 bytes failed: Only part of a ReadProcessMemory or WriteProcessMemory request was completed. (0x12B)
[1218/131933.048:ERROR:process_memory_win.cc(73)] ReadMemory at 0x21d0e7aba40 of 132 bytes failed: Only part of a ReadProcessMemory or WriteProcessMemory request was completed. (0x12B)
[1218/131933.048:ERROR:process_memory_win.cc(73)] ReadMemory at 0x21d0e7abb70 of 132 bytes failed: Only part of a ReadProcessMemory or WriteProcessMemory request was completed. (0x12B)
[1218/131933.048:ERROR:process_memory_win.cc(73)] ReadMemory at 0x21d0e7abca0 of 132 bytes failed: Only part of a ReadProcessMemory or WriteProcessMemory request was completed. (0x12B)
[1218/131933.048:ERROR:process_memory_win.cc(73)] ReadMemory at 0x21d0e7abdd0 of 132 bytes failed: Only part of a ReadProcessMemory or WriteProcessMemory request was completed. (0x12B)
[1218/131933.048:ERROR:process_memory_win.cc(73)] ReadMemory at 0x21d0e7abf00 of 132 bytes failed: Only part of a ReadProcessMemory or WriteProcessMemory request was completed. (0x12B)
[1218/131933.048:ERROR:process_memory_win.cc(73)] ReadMemory at 0x21d0e7ac160 of 132 bytes failed: Only part of a ReadProcessMemory or WriteProcessMemory request was completed. (0x12B)
[1218/131933.048:ERROR:process_memory_win.cc(73)] ReadMemory at 0x21d0e7ac290 of 132 bytes failed: Only part of a ReadProcessMemory or WriteProcessMemory request was completed. (0x12B)
[1218/131933.048:ERROR:process_memory_win.cc(73)] ReadMemory at 0x21d0e7ac3c0 of 132 bytes failed: Only part of a ReadProcessMemory or WriteProcessMemory request was completed. (0x12B)
[1218/131933.048:ERROR:process_memory_win.cc(73)] ReadMemory at 0x21d0e7ae070 of 132 bytes failed: Only part of a ReadProcessMemory or WriteProcessMemory request was completed. (0x12B)
[1218/131933.048:ERROR:process_memory_win.cc(73)] ReadMemory at 0x21d0e7ae1a0 of 132 bytes failed: Only part of a ReadProcessMemory or WriteProcessMemory request was completed. (0x12B)
[1218/131933.048:ERROR:process_memory_win.cc(73)] ReadMemory at 0x21d0e7ae2d0 of 132 bytes failed: Only part of a ReadProcessMemory or WriteProcessMemory request was completed. (0x12B)
[1218/131933.048:ERROR:process_memory_win.cc(73)] ReadMemory at 0x21d0e7b02a0 of 54 bytes failed: Only part of a ReadProcessMemory or WriteProcessMemory request was completed. (0x12B)
[1218/131933.048:ERROR:process_memory_win.cc(73)] ReadMemory at 0x21d0e7b1d50 of 132 bytes failed: Only part of a ReadProcessMemory or WriteProcessMemory request was completed. (0x12B)
[1218/131933.048:ERROR:process_memory_win.cc(73)] ReadMemory at 0x21d0e7b2100 of 132 bytes failed: Only part of a ReadProcessMemory or WriteProcessMemory request was completed. (0x12B)
[1218/131933.048:ERROR:process_memory_win.cc(73)] ReadMemory at 0x21d0e7b4ed0 of 76 bytes failed: Only part of a ReadProcessMemory or WriteProcessMemory request was completed. (0x12B)
[1218/131933.048:ERROR:process_memory_win.cc(73)] ReadMemory at 0x21d0e7b5050 of 78 bytes failed: Only part of a ReadProcessMemory or WriteProcessMemory request was completed. (0x12B)
[1218/131933.048:ERROR:process_memory_win.cc(73)] ReadMemory at 0x21d0e7b5160 of 60 bytes failed: Only part of a ReadProcessMemory or WriteProcessMemory request was completed. (0x12B)
[1218/131933.048:ERROR:process_memory_win.cc(73)] ReadMemory at 0x21d0e7b5390 of 64 bytes failed: Only part of a ReadProcessMemory or WriteProcessMemory request was completed. (0x12B)
[1218/131933.048:ERROR:process_memory_win.cc(73)] ReadMemory at 0x21d0e7b53e0 of 62 bytes failed: Only part of a ReadProcessMemory or WriteProcessMemory request was completed. (0x12B)
[1218/131933.048:ERROR:process_memory_win.cc(73)] ReadMemory at 0x21d0e7b5480 of 66 bytes failed: Only part of a ReadProcessMemory or WriteProcessMemory request was completed. (0x12B)
[1218/131933.048:ERROR:process_memory_win.cc(73)] ReadMemory at 0x21d0e7b5520 of 64 bytes failed: Only part of a ReadProcessMemory or WriteProcessMemory request was completed. (0x12B)
[1218/131933.049:ERROR:process_memory_win.cc(73)] ReadMemory at 0x21d0e7b5570 of 62 bytes failed: Only part of a ReadProcessMemory or WriteProcessMemory request was completed. (0x12B)
[1218/131933.049:ERROR:process_memory_win.cc(73)] ReadMemory at 0x21d0e7b5610 of 58 bytes failed: Only part of a ReadProcessMemory or WriteProcessMemory request was completed. (0x12B)
[1218/131933.049:ERROR:process_memory_win.cc(73)] ReadMemory at 0x21d0e7b56b0 of 62 bytes failed: Only part of a ReadProcessMemory or WriteProcessMemory request was completed. (0x12B)
[1218/131933.049:ERROR:process_memory_win.cc(73)] ReadMemory at 0x21d0e7b5700 of 62 bytes failed: Only part of a ReadProcessMemory or WriteProcessMemory request was completed. (0x12B)
[1218/131933.049:ERROR:process_memory_win.cc(73)] ReadMemory at 0x21d0e7b57f0 of 60 bytes failed: Only part of a ReadProcessMemory or WriteProcessMemory request was completed. (0x12B)
[1218/131933.049:ERROR:process_memory_win.cc(73)] ReadMemory at 0x21d0e7b5840 of 58 bytes failed: Only part of a ReadProcessMemory or WriteProcessMemory request was completed. (0x12B)
[1218/131933.049:ERROR:process_memory_win.cc(73)] ReadMemory at 0x21d0e7b5890 of 62 bytes failed: Only part of a ReadProcessMemory or WriteProcessMemory request was completed. (0x12B)
[1218/131933.049:ERROR:process_memory_win.cc(73)] ReadMemory at 0x21d0e7b59d0 of 62 bytes failed: Only part of a ReadProcessMemory or WriteProcessMemory request was completed. (0x12B)
[1218/131933.049:ERROR:process_memory_win.cc(73)] ReadMemory at 0x21d0e7b5a70 of 60 bytes failed: Only part of a ReadProcessMemory or WriteProcessMemory request was completed. (0x12B)
[1218/131933.049:ERROR:process_memory_win.cc(73)] ReadMemory at 0x21d0e7b5bb0 of 62 bytes failed: Only part of a ReadProcessMemory or WriteProcessMemory request was completed. (0x12B)
[1218/131933.049:ERROR:process_memory_win.cc(73)] ReadMemory at 0x21d0e7b5c00 of 64 bytes failed: Only part of a ReadProcessMemory or WriteProcessMemory request was completed. (0x12B)
[1218/131933.049:ERROR:process_memory_win.cc(73)] ReadMemory at 0x21d0e7b5c50 of 62 bytes failed: Only part of a ReadProcessMemory or WriteProcessMemory request was completed. (0x12B)
[1218/131933.049:ERROR:process_memory_win.cc(73)] ReadMemory at 0x21d0e7b5ca0 of 60 bytes failed: Only part of a ReadProcessMemory or WriteProcessMemory request was completed. (0x12B)
[1218/131933.049:ERROR:process_memory_win.cc(73)] ReadMemory at 0x21d0e7b5de0 of 62 bytes failed: Only part of a ReadProcessMemory or WriteProcessMemory request was completed. (0x12B)
[1218/131933.049:ERROR:process_memory_win.cc(73)] ReadMemory at 0x21d0e7b5e30 of 62 bytes failed: Only part of a ReadProcessMemory or WriteProcessMemory request was completed. (0x12B)
[1218/131933.049:ERROR:process_memory_win.cc(73)] ReadMemory at 0x21d0e7b5e80 of 64 bytes failed: Only part of a ReadProcessMemory or WriteProcessMemory request was completed. (0x12B)
[1218/131933.049:ERROR:process_memory_win.cc(73)] ReadMemory at 0x21d0e7b5fc0 of 64 bytes failed: Only part of a ReadProcessMemory or WriteProcessMemory request was completed. (0x12B)
[1218/131933.049:ERROR:process_memory_win.cc(73)] ReadMemory at 0x21d0e7b6740 of 132 bytes failed: Only part of a ReadProcessMemory or WriteProcessMemory request was completed. (0x12B)
[1218/131933.049:ERROR:process_memory_win.cc(73)] ReadMemory at 0x21d0e7b6870 of 132 bytes failed: Only part of a ReadProcessMemory or WriteProcessMemory request was completed. (0x12B)
[1218/131933.049:ERROR:process_memory_win.cc(73)] ReadMemory at 0x21d0e7b69a0 of 132 bytes failed: Only part of a ReadProcessMemory or WriteProcessMemory request was completed. (0x12B)
[1218/131933.049:ERROR:process_memory_win.cc(73)] ReadMemory at 0x21d0e7b6ad0 of 132 bytes failed: Only part of a ReadProcessMemory or WriteProcessMemory request was completed. (0x12B)
[1218/131933.049:ERROR:process_memory_win.cc(73)] ReadMemory at 0x21d0e7b6c00 of 132 bytes failed: Only part of a ReadProcessMemory or WriteProcessMemory request was completed. (0x12B)
[1218/131933.049:ERROR:process_memory_win.cc(73)] ReadMemory at 0x21d0e7b6d30 of 132 bytes failed: Only part of a ReadProcessMemory or WriteProcessMemory request was completed. (0x12B)
[1218/131933.050:ERROR:process_memory_win.cc(73)] ReadMemory at 0x21d0e7b6e60 of 132 bytes failed: Only part of a ReadProcessMemory or WriteProcessMemory request was completed. (0x12B)
[1218/131933.050:ERROR:process_memory_win.cc(73)] ReadMemory at 0x21d0e7b6f90 of 132 bytes failed: Only part of a ReadProcessMemory or WriteProcessMemory request was completed. (0x12B)
[1218/131933.050:ERROR:process_memory_win.cc(73)] ReadMemory at 0x21d0e7b70c0 of 132 bytes failed: Only part of a ReadProcessMemory or WriteProcessMemory request was completed. (0x12B)
[1218/131933.050:ERROR:process_memory_win.cc(73)] ReadMemory at 0x21d0e7b71f0 of 132 bytes failed: Only part of a ReadProcessMemory or WriteProcessMemory request was completed. (0x12B)
[1218/131933.050:ERROR:process_memory_win.cc(73)] ReadMemory at 0x21d0e7b7320 of 132 bytes failed: Only part of a ReadProcessMemory or WriteProcessMemory request was completed. (0x12B)
[1218/131933.050:ERROR:process_memory_win.cc(73)] ReadMemory at 0x21d0e7b7450 of 132 bytes failed: Only part of a ReadProcessMemory or WriteProcessMemory request was completed. (0x12B)
[1218/131933.050:ERROR:process_memory_win.cc(73)] ReadMemory at 0x21d0e7b7580 of 132 bytes failed: Only part of a ReadProcessMemory or WriteProcessMemory request was completed. (0x12B)
[1218/131933.050:ERROR:process_memory_win.cc(73)] ReadMemory at 0x21d0e7b76b0 of 132 bytes failed: Only part of a ReadProcessMemory or WriteProcessMemory request was completed. (0x12B)
[1218/131933.050:ERROR:process_memory_win.cc(73)] ReadMemory at 0x21d0e7b77e0 of 132 bytes failed: Only part of a ReadProcessMemory or WriteProcessMemory request was completed. (0x12B)
[1218/131933.050:ERROR:process_memory_win.cc(73)] ReadMemory at 0x21d0e7b7910 of 132 bytes failed: Only part of a ReadProcessMemory or WriteProcessMemory request was completed. (0x12B)
[1218/131933.050:ERROR:process_memory_win.cc(73)] ReadMemory at 0x21d0e7b7a40 of 132 bytes failed: Only part of a ReadProcessMemory or WriteProcessMemory request was completed. (0x12B)
[1218/131933.050:ERROR:process_memory_win.cc(73)] ReadMemory at 0x21d0e7b7dd0 of 132 bytes failed: Only part of a ReadProcessMemory or WriteProcessMemory request was completed. (0x12B)
[1218/131933.050:ERROR:process_memory_win.cc(73)] ReadMemory at 0x21d0e7b8160 of 132 bytes failed: Only part of a ReadProcessMemory or WriteProcessMemory request was completed. (0x12B)
[1218/131933.050:ERROR:process_memory_win.cc(73)] ReadMemory at 0x21d0e7b8290 of 132 bytes failed: Only part of a ReadProcessMemory or WriteProcessMemory request was completed. (0x12B)
[1218/131933.050:ERROR:process_memory_win.cc(73)] ReadMemory at 0x21d0e7c8830 of 58 bytes failed: Only part of a ReadProcessMemory or WriteProcessMemory request was completed. (0x12B)
[1218/131933.050:ERROR:process_memory_win.cc(73)] ReadMemory at 0x21d0e7c89c0 of 60 bytes failed: Only part of a ReadProcessMemory or WriteProcessMemory request was completed. (0x12B)
[1218/131933.050:ERROR:process_memory_win.cc(73)] ReadMemory at 0x21d0e7c8ba0 of 60 bytes failed: Only part of a ReadProcessMemory or WriteProcessMemory request was completed. (0x12B)
[1218/131933.050:ERROR:process_memory_win.cc(73)] ReadMemory at 0x21d0e7c8ec0 of 66 bytes failed: Only part of a ReadProcessMemory or WriteProcessMemory request was completed. (0x12B)
[1218/131933.050:ERROR:process_memory_win.cc(73)] ReadMemory at 0x21d0e7c9550 of 58 bytes failed: Only part of a ReadProcessMemory or WriteProcessMemory request was completed. (0x12B)
[1218/131933.050:ERROR:process_memory_win.cc(73)] ReadMemory at 0x21d0e7c9730 of 62 bytes failed: Only part of a ReadProcessMemory or WriteProcessMemory request was completed. (0x12B)
[1218/131933.050:ERROR:process_memory_win.cc(73)] ReadMemory at 0x21d0e7d4bd0 of 512 bytes failed: Only part of a ReadProcessMemory or WriteProcessMemory request was completed. (0x12B)
[1218/131933.051:ERROR:process_memory_win.cc(73)] ReadMemory at 0x21d0e7d5720 of 512 bytes failed: Only part of a ReadProcessMemory or WriteProcessMemory request was completed. (0x12B)
[1218/131933.051:ERROR:process_memory_win.cc(73)] ReadMemory at 0x21d0eac10c0 of 896 bytes failed: Only part of a ReadProcessMemory or WriteProcessMemory request was completed. (0x12B)
[1218/131933.051:ERROR:process_memory_win.cc(73)] ReadMemory at 0x21d0eb30000 of 384 bytes failed: Only part of a ReadProcessMemory or WriteProcessMemory request was completed. (0x12B)
[1218/131933.051:ERROR:process_memory_win.cc(73)] ReadMemory at 0x21d0eb49a70 of 512 bytes failed: Only part of a ReadProcessMemory or WriteProcessMemory request was completed. (0x12B)
[1218/131933.051:ERROR:process_memory_win.cc(73)] ReadMemory at 0x21d0eb4a250 of 512 bytes failed: Only part of a ReadProcessMemory or WriteProcessMemory request was completed. (0x12B)
[1218/131933.051:ERROR:process_memory_win.cc(73)] ReadMemory at 0x21d0eb5f9d0 of 512 bytes failed: Only part of a ReadProcessMemory or WriteProcessMemory request was completed. (0x12B)
[1218/131933.051:ERROR:process_memory_win.cc(73)] ReadMemory at 0x21d0eb60900 of 512 bytes failed: Only part of a ReadProcessMemory or WriteProcessMemory request was completed. (0x12B)
[1218/131933.051:ERROR:process_memory_win.cc(73)] ReadMemory at 0x21d0eb64a40 of 512 bytes failed: Only part of a ReadProcessMemory or WriteProcessMemory request was completed. (0x12B)
[1218/131933.051:ERROR:process_memory_win.cc(73)] ReadMemory at 0x21d0eb86e20 of 712 bytes failed: Only part of a ReadProcessMemory or WriteProcessMemory request was completed. (0x12B)
[1218/131933.051:ERROR:process_memory_win.cc(73)] ReadMemory at 0x21d10c33b50 of 512 bytes failed: Only part of a ReadProcessMemory or WriteProcessMemory request was completed. (0x12B)
[1218/131933.052:ERROR:process_memory_win.cc(73)] ReadMemory at 0x21d10c4e548 of 512 bytes failed: Only part of a ReadProcessMemory or WriteProcessMemory request was completed. (0x12B)
[1218/131933.052:ERROR:process_memory_win.cc(73)] ReadMemory at 0x21d10c4e8a8 of 512 bytes failed: Only part of a ReadProcessMemory or WriteProcessMemory request was completed. (0x12B)
[1218/131933.052:ERROR:process_memory_win.cc(73)] ReadMemory at 0x21d10c4ed28 of 512 bytes failed: Only part of a ReadProcessMemory or WriteProcessMemory request was completed. (0x12B)
[1218/131933.052:ERROR:process_memory_win.cc(73)] ReadMemory at 0x21d10c4fb38 of 656 bytes failed: Only part of a ReadProcessMemory or WriteProcessMemory request was completed. (0x12B)
[1218/131933.052:ERROR:process_memory_win.cc(73)] ReadMemory at 0x26637cbd70c1 of 512 bytes failed: Only part of a ReadProcessMemory or WriteProcessMemory request was completed. (0x12B)
[1218/131933.052:ERROR:process_memory_win.cc(73)] ReadMemory at 0x37f15ba17f98 of 512 bytes failed: Only part of a ReadProcessMemory or WriteProcessMemory request was completed. (0x12B)
[1218/131933.052:ERROR:process_memory_win.cc(73)] ReadMemory at 0x37f15ba2d100 of 512 bytes failed: Only part of a ReadProcessMemory or WriteProcessMemory request was completed. (0x12B)
[1218/131933.052:ERROR:process_memory_win.cc(73)] ReadMemory at 0x7ffab5674a30 of 512 bytes failed: Only part of a ReadProcessMemory or WriteProcessMemory request was completed. (0x12B)
[1218/131933.052:ERROR:process_memory_win.cc(73)] ReadMemory at 0x7ffab650f7e2 of 512 bytes failed: Only part of a ReadProcessMemory or WriteProcessMemory request was completed. (0x12B)
[1218/131933.052:ERROR:process_memory_win.cc(73)] ReadMemory at 0x7ffab69aee1c of 512 bytes failed: Only part of a ReadProcessMemory or WriteProcessMemory request was completed. (0x12B)
[1218/131933.052:ERROR:process_memory_win.cc(73)] ReadMemory at 0x7ffb0612a7b9 of 512 bytes failed: Only part of a ReadProcessMemory or WriteProcessMemory request was completed. (0x12B)
[1218/131933.052:ERROR:process_memory_win.cc(73)] ReadMemory at 0x7ffb0635b6d0 of 512 bytes failed: Only part of a ReadProcessMemory or WriteProcessMemory request was completed. (0x12B)
[1218/131933.052:ERROR:process_memory_win.cc(73)] ReadMemory at 0x7ffb08e5c0c4 of 672 bytes failed: Only part of a ReadProcessMemory or WriteProcessMemory request was completed. (0x12B)
[1218/131933.052:ERROR:process_memory_win.cc(73)] ReadMemory at 0x7ffb08e5c6c4 of 512 bytes failed: Only part of a ReadProcessMemory or WriteProcessMemory request was completed. (0x12B)
[1218/131933.052:ERROR:process_memory_win.cc(73)] ReadMemory at 0x7ffb08e5f974 of 608 bytes failed: Only part of a ReadProcessMemory or WriteProcessMemory request was completed. (0x12B)
[1218/131933.052:ERROR:process_memory_win.cc(73)] ReadMemory at 0x7ffb08eec428 of 18 bytes failed: Only part of a ReadProcessMemory or WriteProcessMemory request was completed. (0x12B)
[1218/131933.052:ERROR:process_memory_win.cc(73)] ReadMemory at 0x7ffb08f1f4f8 of 40 bytes failed: Only part of a ReadProcessMemory or WriteProcessMemory request was completed. (0x12B)
[1218/131933.052:ERROR:process_memory_win.cc(73)] ReadMemory at 0x7ffb08f1f978 of 48 bytes failed: Only part of a ReadProcessMemory or WriteProcessMemory request was completed. (0x12B)
[1218/131933.052:ERROR:process_memory_win.cc(73)] ReadMemory at 0x7ffb08f253c0 of 64 bytes failed: Only part of a ReadProcessMemory or WriteProcessMemory request was completed. (0x12B)
[1218/131933.053:ERROR:file_io_win.cc(161)] CreateFile C:\Users\Hp\AppData\Local\Temp\scoped_dir15204_777327636\Crashpad\settings.dat: The system cannot find the file specified. (0x2)
[1218/131933.053:ERROR:scoped_process_suspend.cc(40)] NtResumeProcess: An attempt was made to access an exiting process. (0xc000010a)
[1219/095903.466:ERROR:process_info.cc(359)] UncheckedAllocate
[1219/095904.580:ERROR:process_info.cc(359)] UncheckedAllocate
[1219/095906.300:ERROR:process_info.cc(359)] UncheckedAllocate
[1219/100054.848:ERROR:process_info.cc(359)] UncheckedAllocate
[1220/102507.252:ERROR:process_info.cc(359)] UncheckedAllocate
[1220/102706.387:ERROR:process_info.cc(359)] UncheckedAllocate
[1220/102749.528:ERROR:process_info.cc(359)] UncheckedAllocate
[1220/102749.822:ERROR:process_info.cc(359)] UncheckedAllocate
[1220/102749.823:ERROR:process_info.cc(359)] UncheckedAllocate
[1220/102811.344:ERROR:process_info.cc(359)] UncheckedAllocate
[1220/153638.408:ERROR:process_info.cc(359)] UncheckedAllocate
[1220/153728.063:ERROR:process_info.cc(359)] UncheckedAllocate
[1223/141714.862:ERROR:process_info.cc(359)] UncheckedAllocate
[1223/141837.341:ERROR:process_info.cc(359)] UncheckedAllocate
[1223/141921.261:ERROR:process_info.cc(359)] UncheckedAllocate
[1223/141921.803:ERROR:process_info.cc(359)] UncheckedAllocate
[1223/141922.152:ERROR:process_info.cc(359)] UncheckedAllocate
[1223/142448.692:ERROR:process_info.cc(359)] UncheckedAllocate
[1224/141351.478:ERROR:filesystem_win.cc(148)] DeleteFile C:\Users\Hp\AppData\Local\Temp\scoped_dir9852_1946324454\Crashpad\reports\3a60040d-076e-47a4-ae9f-4539a05b1926.dmp: The process cannot access the file because it is being used by another process. (0x20)
[1224/141402.543:ERROR:process_info.cc(359)] UncheckedAllocate
[1224/143419.191:ERROR:process_info.cc(359)] UncheckedAllocate
[1224/143419.195:ERROR:process_info.cc(359)] UncheckedAllocate
[1224/143525.694:ERROR:process_info.cc(359)] UncheckedAllocate
[0104/141429.867:ERROR:process_info.cc(359)] UncheckedAllocate
[0104/141435.142:ERROR:process_info.cc(359)] UncheckedAllocate
                                                               