#
# There is insufficient memory for the Java Runtime Environment to continue.
# Native memory allocation (malloc) failed to allocate 1048576 bytes for AllocateHeap
# Possible reasons:
#   The system is out of physical RAM or swap space
#   In 32 bit mode, the process size limit was hit
# Possible solutions:
#   Reduce memory load on the system
#   Increase physical memory or swap space
#   Check if swap backing store is full
#   Use 64 bit Java on a 64 bit OS
#   Decrease Java heap size (-Xmx/-Xms)
#   Decrease number of Java threads
#   Decrease Java thread stack sizes (-Xss)
#   Set larger code cache with -XX:ReservedCodeCacheSize=
# This output file may be truncated or incomplete.
#
#  Out of Memory Error (memory/allocation.inline.hpp:61), pid=6240, tid=0x0000000000003c64
#
# JRE version:  (8.0_171-b11) (build )
# Java VM: Java HotSpot(TM) 64-Bit Server VM (25.171-b11 mixed mode windows-amd64 compressed oops)
# Failed to write core dump. Minidumps are not enabled by default on client versions of Windows
#

---------------  T H R E A D  ---------------

Current thread (0x0000000002a5d800):  JavaThread "Unknown thread" [_thread_in_vm, id=15460, stack(0x0000000002770000,0x0000000002870000)]

Stack: [0x0000000002770000,0x0000000002870000]
[error occurred during error reporting (printing stack bounds), id 0xc0000005]

Native frames: (J=compiled Java code, j=interpreted, Vv=VM code, C=native code)


---------------  P R O C E S S  ---------------

Java Threads: ( => current thread )

Other Threads:

=>0x0000000002a5d800 (exited) JavaThread "Unknown thread" [_thread_in_vm, id=15460, stack(0x0000000002770000,0x0000000002870000)]

VM state:not at safepoint (normal execution)

VM Mutex/Monitor currently owned by a thread: None

Heap:
 PSYoungGen      total 38400K, used 665K [0x00000000d5d00000, 0x00000000d8780000, 0x0000000100000000)
  eden space 33280K, 2% used [0x00000000d5d00000,0x00000000d5da6670,0x00000000d7d80000)
  from space 5120K, 0% used [0x00000000d8280000,0x00000000d8280000,0x00000000d8780000)
  to   space 5120K, 0% used [0x00000000d7d80000,0x00000000d7d80000,0x00000000d8280000)
 ParOldGen       total 87552K, used 0K [0x0000000081600000, 0x0000000086b80000, 0x00000000d5d00000)
  object space 87552K, 0% used [0x0000000081600000,0x0000000081600000,0x0000000086b80000)
 Metaspace       used 774K, capacity 4480K, committed 4480K, reserved 1056768K
  class space    used 76K, capacity 384K, committed 384K, reserved 1048576K

Card table byte_map: [0x0000000011e20000,0x0000000012220000] byte_map_base: 0x0000000011a15000

Marking Bits: (ParMarkBitMap*) 0x00000000720108c0
 Begin Bits: [0x0000000012cd0000, 0x0000000014c78000)
 End Bits:   [0x0000000014c78000, 0x0000000016c20000)

Polling page: 0x00000000007f0000

CodeCache: size=245760Kb used=328Kb max_used=328Kb free=245431Kb
 bounds [0x0000000002a60000, 0x0000000002cd0000, 0x0000000011a60000]
 total_blobs=58 nmethods=0 adapters=38
 compilation: enabled

Compilation events (0 events):
No events

GC Heap History (0 events):
No events

Deoptimization events (0 events):
No events

Classes redefined (0 events):
No events

Internal exceptions (0 events):
No events

Events (10 events):
Event: 0.156 loading class java/lang/Short
Event: 0.156 loading class java/lang/Short done
Event: 0.156 loading class java/lang/Integer
Event: 0.157 loading class java/lang/Integer done
Event: 0.157 loading class java/lang/Long
Event: 0.158 loading class java/lang/Long done
Event: 0.161 loading class java/lang/NullPointerException
Event: 0.161 loading class java/lang/NullPointerException done
Event: 0.161 loading class java/lang/ArithmeticException
Event: 0.162 loading class java/lang/ArithmeticException done


Dynamic libraries:
0x00007ff68d4e0000 - 0x00007ff68d517000 	C:\Program Files\Java\jdk1.8.0_171\bin\javaw.exe
0x00007ffcbcc80000 - 0x00007ffcbce70000 	C:\Windows\SYSTEM32\ntdll.dll
0x00007ffcbc5c0000 - 0x00007ffcbc672000 	C:\Windows\System32\KERNEL32.DLL
0x00007ffcba920000 - 0x00007ffcbabc3000 	C:\Windows\System32\KERNELBASE.dll
0x00007ffcbb940000 - 0x00007ffcbb9e3000 	C:\Windows\System32\ADVAPI32.dll
0x00007ffcbb4f0000 - 0x00007ffcbb58e000 	C:\Windows\System32\msvcrt.dll
0x00007ffcbbf70000 - 0x00007ffcbc007000 	C:\Windows\System32\sechost.dll
0x00007ffcbbbb0000 - 0x00007ffcbbcd0000 	C:\Windows\System32\RPCRT4.dll
0x00007ffcbc680000 - 0x00007ffcbc814000 	C:\Windows\System32\USER32.dll
0x00007ffcbac00000 - 0x00007ffcbac21000 	C:\Windows\System32\win32u.dll
0x00007ffcbc070000 - 0x00007ffcbc096000 	C:\Windows\System32\GDI32.dll
0x00007ffcb9c10000 - 0x00007ffcb9da4000 	C:\Windows\System32\gdi32full.dll
0x00007ffcba690000 - 0x00007ffcba72e000 	C:\Windows\System32\msvcp_win.dll
0x00007ffcb9db0000 - 0x00007ffcb9eaa000 	C:\Windows\System32\ucrtbase.dll
0x00007ffca4d60000 - 0x00007ffca4fe5000 	C:\Windows\WinSxS\amd64_microsoft.windows.common-controls_6595b64144ccf1df_6.0.18362.535_none_e6c3b34713100821\COMCTL32.dll
0x00007ffcbc820000 - 0x00007ffcbcb56000 	C:\Windows\System32\combase.dll
0x00007ffcba880000 - 0x00007ffcba900000 	C:\Windows\System32\bcryptPrimitives.dll
0x00007ffcbb6c0000 - 0x00007ffcbb6ee000 	C:\Windows\System32\IMM32.DLL
0x0000000071710000 - 0x00000000717e2000 	C:\Program Files\Java\jdk1.8.0_171\jre\bin\msvcr100.dll
0x00000000717f0000 - 0x0000000072090000 	C:\Program Files\Java\jdk1.8.0_171\jre\bin\server\jvm.dll
0x00007ffcbc0c0000 - 0x00007ffcbc0c8000 	C:\Windows\System32\PSAPI.DLL
0x00007ffcb41d0000 - 0x00007ffcb41d9000 	C:\Windows\SYSTEM32\WSOCK32.dll
0x00007ffcb5900000 - 0x00007ffcb5924000 	C:\Windows\SYSTEM32\WINMM.dll
0x00007ffcb2fe0000 - 0x00007ffcb2fea000 	C:\Windows\SYSTEM32\VERSION.dll
0x00007ffcbb8d0000 - 0x00007ffcbb93f000 	C:\Windows\System32\WS2_32.dll
0x00007ffcb58d0000 - 0x00007ffcb58fd000 	C:\Windows\SYSTEM32\WINMMBASE.dll
0x00007ffcbac30000 - 0x00007ffcbac7a000 	C:\Windows\System32\cfgmgr32.dll
0x0000000071700000 - 0x000000007170f000 	C:\Program Files\Java\jdk1.8.0_171\jre\bin\verify.dll
0x00000000716d0000 - 0x00000000716f9000 	C:\Program Files\Java\jdk1.8.0_171\jre\bin\java.dll
0x00000000716b0000 - 0x00000000716c6000 	C:\Program Files\Java\jdk1.8.0_171\jre\bin\zip.dll

VM Arguments:
jvm_args: -Dfile.encoding=Cp1252 
java_command: Testurbbanladder
java_class_path (initial): C:\Users\Hp\workspace\Selenium\bin;C:\Users\Hp\Downloads\selenium-server-standalone-3.141.59.jar
Launcher Type: SUN_STANDARD

Environment Variables:
PATH=C:/Program Files/java/jdk1.8.0_171/bin/../jre/bin/server;C:/Program Files/java/jdk1.8.0_171/bin/../jre/bin;C:/Program Files/java/jdk1.8.0_171/bin/../jre/lib/amd64;C:\Program Files\java\jdk1.8.0_171\bin;C:\Program Files\java\jdk1.8.0_171\bin;C:\Program Files\eclipse;
USERNAME=Hp
OS=Windows_NT
PROCESSOR_IDENTIFIER=Intel64 Family 6 Model 142 Stepping 10, GenuineIntel



---------------  S Y S T E M  ---------------

OS: Windows 10.0 , 64 bit Build 18362 (10.0.18362.329)

CPU:total 8 (initial active 8) (4 cores per cpu, 2 threads per core) family 6 model 142 stepping 10, cmov, cx8, fxsr, mmx, sse, sse2, sse3, ssse3, sse4.1, sse4.2, popcnt, avx, avx2, aes, clmul, erms, 3dnowpref, lzcnt, ht, tsc, tscinvbit, bmi1, bmi2, adx

Memory: 4k page, physical 8297488k(473156k free), swap 33463312k(5380k free)

vm_info: Java HotSpot(TM) 64-Bit Server VM (25.171-b11) for windows-amd64 JRE (1.8.0_171-b11), built on Mar 28 2018 16:06:12 by "java_re" with MS VC++ 10.0 (VS2010)

time: Fri Dec 20 15:35:20 2019
elapsed time: 0 seconds (0d 0h 0m 0s)

