#
# There is insufficient memory for the Java Runtime Environment to continue.
# Native memory allocation (malloc) failed to allocate 1048576 bytes for AllocateHeap
# Possible reasons:
#   The system is out of physical RAM or swap space
#   In 32 bit mode, the process size limit was hit
# Possible solutions:
#   Reduce memory load on the system
#   Increase physical memory or swap space
#   Check if swap backing store is full
#   Use 64 bit Java on a 64 bit OS
#   Decrease Java heap size (-Xmx/-Xms)
#   Decrease number of Java threads
#   Decrease Java thread stack sizes (-Xss)
#   Set larger code cache with -XX:ReservedCodeCacheSize=
# This output file may be truncated or incomplete.
#
#  Out of Memory Error (memory/allocation.inline.hpp:61), pid=1072, tid=0x0000000000001924
#
# JRE version:  (8.0_171-b11) (build )
# Java VM: Java HotSpot(TM) 64-Bit Server VM (25.171-b11 mixed mode windows-amd64 compressed oops)
# Failed to write core dump. Minidumps are not enabled by default on client versions of Windows
#

---------------  T H R E A D  ---------------

Current thread (0x0000000002bed800):  JavaThread "Unknown thread" [_thread_in_vm, id=6436, stack(0x0000000002bf0000,0x0000000002cf0000)]

Stack: [0x0000000002bf0000,0x0000000002cf0000]
[error occurred during error reporting (printing stack bounds), id 0xc0000005]

Native frames: (J=compiled Java code, j=interpreted, Vv=VM code, C=native code)


---------------  P R O C E S S  ---------------

Java Threads: ( => current thread )

Other Threads:

=>0x0000000002bed800 (exited) JavaThread "Unknown thread" [_thread_in_vm, id=6436, stack(0x0000000002bf0000,0x0000000002cf0000)]

VM state:not at safepoint (normal execution)

VM Mutex/Monitor currently owned by a thread: None

Heap:
 PSYoungGen      total 38400K, used 665K [0x00000000d5d00000, 0x00000000d8780000, 0x0000000100000000)
  eden space 33280K, 2% used [0x00000000d5d00000,0x00000000d5da6670,0x00000000d7d80000)
  from space 5120K, 0% used [0x00000000d8280000,0x00000000d8280000,0x00000000d8780000)
  to   space 5120K, 0% used [0x00000000d7d80000,0x00000000d7d80000,0x00000000d8280000)
 ParOldGen       total 87552K, used 0K [0x0000000081600000, 0x0000000086b80000, 0x00000000d5d00000)
  object space 87552K, 0% used [0x0000000081600000,0x0000000081600000,0x0000000086b80000)
 Metaspace       used 774K, capacity 4480K, committed 4480K, reserved 1056768K
  class space    used 76K, capacity 384K, committed 384K, reserved 1048576K

Card table byte_map: [0x00000000121b0000,0x00000000125b0000] byte_map_base: 0x0000000011da5000

Marking Bits: (ParMarkBitMap*) 0x00000000597108c0
 Begin Bits: [0x0000000013060000, 0x0000000015008000)
 End Bits:   [0x0000000015008000, 0x0000000016fb0000)

Polling page: 0x00000000009f0000

CodeCache: size=245760Kb used=328Kb max_used=328Kb free=245431Kb
 bounds [0x0000000002df0000, 0x0000000003060000, 0x0000000011df0000]
 total_blobs=58 nmethods=0 adapters=38
 compilation: enabled

Compilation events (0 events):
No events

GC Heap History (0 events):
No events

Deoptimization events (0 events):
No events

Classes redefined (0 events):
No events

Internal exceptions (0 events):
No events

Events (10 events):
Event: 0.021 loading class java/lang/Short
Event: 0.021 loading class java/lang/Short done
Event: 0.021 loading class java/lang/Integer
Event: 0.021 loading class java/lang/Integer done
Event: 0.021 loading class java/lang/Long
Event: 0.021 loading class java/lang/Long done
Event: 0.022 loading class java/lang/NullPointerException
Event: 0.022 loading class java/lang/NullPointerException done
Event: 0.022 loading class java/lang/ArithmeticException
Event: 0.022 loading class java/lang/ArithmeticException done


Dynamic libraries:
0x00007ff6328a0000 - 0x00007ff6328d7000 	C:\Program Files\Java\jdk1.8.0_171\bin\javaw.exe
0x00007ffcb5ea0000 - 0x00007ffcb6090000 	C:\Windows\SYSTEM32\ntdll.dll
0x00007ffcb4b50000 - 0x00007ffcb4c02000 	C:\Windows\System32\KERNEL32.DLL
0x00007ffcb39d0000 - 0x00007ffcb3c73000 	C:\Windows\System32\KERNELBASE.dll
0x00007ffcb4c90000 - 0x00007ffcb4d33000 	C:\Windows\System32\ADVAPI32.dll
0x00007ffcb3f50000 - 0x00007ffcb3fee000 	C:\Windows\System32\msvcrt.dll
0x00007ffcb4050000 - 0x00007ffcb40e7000 	C:\Windows\System32\sechost.dll
0x00007ffcb5770000 - 0x00007ffcb5890000 	C:\Windows\System32\RPCRT4.dll
0x00007ffcb40f0000 - 0x00007ffcb4284000 	C:\Windows\System32\USER32.dll
0x00007ffcb3ea0000 - 0x00007ffcb3ec1000 	C:\Windows\System32\win32u.dll
0x00007ffcb4eb0000 - 0x00007ffcb4ed6000 	C:\Windows\System32\GDI32.dll
0x00007ffcb2e30000 - 0x00007ffcb2fc4000 	C:\Windows\System32\gdi32full.dll
0x00007ffcb3c80000 - 0x00007ffcb3d1e000 	C:\Windows\System32\msvcp_win.dll
0x00007ffcb30e0000 - 0x00007ffcb31da000 	C:\Windows\System32\ucrtbase.dll
0x00007ffca01e0000 - 0x00007ffca0465000 	C:\Windows\WinSxS\amd64_microsoft.windows.common-controls_6595b64144ccf1df_6.0.18362.535_none_e6c3b34713100821\COMCTL32.dll
0x00007ffcb4720000 - 0x00007ffcb4a56000 	C:\Windows\System32\combase.dll
0x00007ffcb3ed0000 - 0x00007ffcb3f50000 	C:\Windows\System32\bcryptPrimitives.dll
0x00007ffcb4290000 - 0x00007ffcb42be000 	C:\Windows\System32\IMM32.DLL
0x0000000058e10000 - 0x0000000058ee2000 	C:\Program Files\Java\jdk1.8.0_171\jre\bin\msvcr100.dll
0x0000000058ef0000 - 0x0000000059790000 	C:\Program Files\Java\jdk1.8.0_171\jre\bin\server\jvm.dll
0x00007ffcb4560000 - 0x00007ffcb4568000 	C:\Windows\System32\PSAPI.DLL
0x00007ffca6f00000 - 0x00007ffca6f09000 	C:\Windows\SYSTEM32\WSOCK32.dll
0x00007ffcaf6b0000 - 0x00007ffcaf6d4000 	C:\Windows\SYSTEM32\WINMM.dll
0x00007ffca9060000 - 0x00007ffca906a000 	C:\Windows\SYSTEM32\VERSION.dll
0x00007ffcb4ae0000 - 0x00007ffcb4b4f000 	C:\Windows\System32\WS2_32.dll
0x00007ffcaf680000 - 0x00007ffcaf6ad000 	C:\Windows\SYSTEM32\winmmbase.dll
0x00007ffcb31e0000 - 0x00007ffcb322a000 	C:\Windows\System32\cfgmgr32.dll
0x0000000058e00000 - 0x0000000058e0f000 	C:\Program Files\Java\jdk1.8.0_171\jre\bin\verify.dll
0x0000000058dd0000 - 0x0000000058df9000 	C:\Program Files\Java\jdk1.8.0_171\jre\bin\java.dll
0x0000000058db0000 - 0x0000000058dc6000 	C:\Program Files\Java\jdk1.8.0_171\jre\bin\zip.dll

VM Arguments:
jvm_args: -Dfile.encoding=Cp1252 
java_command: Robotjavatab
java_class_path (initial): C:\Users\Hp\workspace\Selenium\bin;C:\Users\Hp\Downloads\selenium-server-standalone-3.141.59.jar
Launcher Type: SUN_STANDARD

Environment Variables:
PATH=C:/Program Files/java/jdk1.8.0_171/bin/../jre/bin/server;C:/Program Files/java/jdk1.8.0_171/bin/../jre/bin;C:/Program Files/java/jdk1.8.0_171/bin/../jre/lib/amd64;C:\Program Files\java\jdk1.8.0_171\bin;C:\Program Files\java\jdk1.8.0_171\bin;C:\Program Files\eclipse;
USERNAME=Hp
OS=Windows_NT
PROCESSOR_IDENTIFIER=Intel64 Family 6 Model 142 Stepping 10, GenuineIntel



---------------  S Y S T E M  ---------------

OS: Windows 10.0 , 64 bit Build 18362 (10.0.18362.329)

CPU:total 8 (initial active 8) (4 cores per cpu, 2 threads per core) family 6 model 142 stepping 10, cmov, cx8, fxsr, mmx, sse, sse2, sse3, ssse3, sse4.1, sse4.2, popcnt, avx, avx2, aes, clmul, erms, 3dnowpref, lzcnt, ht, tsc, tscinvbit, bmi1, bmi2, adx

Memory: 4k page, physical 8297488k(383460k free), swap 33463312k(6104k free)

vm_info: Java HotSpot(TM) 64-Bit Server VM (25.171-b11) for windows-amd64 JRE (1.8.0_171-b11), built on Mar 28 2018 16:06:12 by "java_re" with MS VC++ 10.0 (VS2010)

time: Thu Dec 19 09:59:46 2019
elapsed time: 0 seconds (0d 0h 0m 0s)

